Using pre-set license
Built from '2020.3/staging' branch; Version is '2020.3.11f1 (99c7afb366b3) revision 10078127'; Using compiler version '192528614'; Build Type 'Release'
OS: 'Windows 10 Pro; OS build 19043.1052; Version 2009; 64bit' Language: 'ko' Physical Memory: 32676 MB
BatchMode: 1, IsHumanControllingUs: 0, StartBugReporterOnCrash: 0, Is64bit: 1, IsPro: 0

 COMMAND LINE ARGUMENTS:
E:\Unity\2020.3.11f1\Editor\Unity.exe
-adb2
-batchMode
-noUpm
-name
AssetImportWorker0
-projectPath
C:/UnityProject/Study/Tanks
-logFile
Logs/AssetImportWorker0.log
-srvPort
9174
Successfully changed project path to: C:/UnityProject/Study/Tanks
C:/UnityProject/Study/Tanks
Using Asset Import Pipeline V2.
Refreshing native plugins compatible for Editor in 34.81 ms, found 2 plugins.
Preloading 0 native plugins for Editor in 0.00 ms.
Initialize engine version: 2020.3.11f1 (99c7afb366b3)
[Subsystems] Discovering subsystems at path E:/Unity/2020.3.11f1/Editor/Data/Resources/UnitySubsystems
[Subsystems] Discovering subsystems at path C:/UnityProject/Study/Tanks/Assets
GfxDevice: creating device client; threaded=0
Direct3D:
    Version:  Direct3D 11.0 [level 11.1]
    Renderer: NVIDIA GeForce GTX 1060 3GB (ID=0x1b84)
    Vendor:   
    VRAM:     2988 MB
    Driver:   27.21.14.5671
Initialize mono
Mono path[0] = 'E:/Unity/2020.3.11f1/Editor/Data/Managed'
Mono path[1] = 'E:/Unity/2020.3.11f1/Editor/Data/MonoBleedingEdge/lib/mono/unityjit'
Mono config path = 'E:/Unity/2020.3.11f1/Editor/Data/MonoBleedingEdge/etc'
Using monoOptions --debugger-agent=transport=dt_socket,embedding=1,server=y,suspend=n,address=127.0.0.1:56984
Begin MonoManager ReloadAssembly
Registering precompiled unity dll's ...
Register platform support module: E:/Unity/2020.3.11f1/Editor/Data/PlaybackEngines/WebGLSupport/UnityEditor.WebGL.Extensions.dll
Register platform support module: E:/Unity/2020.3.11f1/Editor/Data/PlaybackEngines/WindowsStandaloneSupport/UnityEditor.WindowsStandalone.Extensions.dll
Registered in 0.000927 seconds.
Native extension for WindowsStandalone target not found
Native extension for WebGL target not found
Refreshing native plugins compatible for Editor in 37.60 ms, found 2 plugins.
Preloading 0 native plugins for Editor in 0.00 ms.
Mono: successfully reloaded assembly
- Completed reload, in  1.341 seconds
Platform modules already initialized, skipping
Registering precompiled user dll's ...
Registered in 0.005003 seconds.
Begin MonoManager ReloadAssembly
Native extension for WindowsStandalone target not found
Native extension for WebGL target not found
Refreshing native plugins compatible for Editor in 0.86 ms, found 2 plugins.
Preloading 0 native plugins for Editor in 0.00 ms.
Mono: successfully reloaded assembly
- Completed reload, in  0.708 seconds
Platform modules already initialized, skipping
========================================================================
Worker process is ready to serve import requests
Launched and connected shader compiler UnityShaderCompiler.exe after 0.03 seconds
Refreshing native plugins compatible for Editor in 0.72 ms, found 2 plugins.
Preloading 0 native plugins for Editor in 0.00 ms.
Unloading 1753 Unused Serialized files (Serialized files now loaded: 0)
System memory in use before: 83.5 MB.
System memory in use after: 83.6 MB.

Unloading 43 unused Assets to reduce memory usage. Loaded Objects now: 2174.
Total: 1.642500 ms (FindLiveObjects: 0.124300 ms CreateObjectMapping: 0.038400 ms MarkObjects: 1.430700 ms  DeleteObjects: 0.048400 ms)

========================================================================
Received Import Request.
  path: Assets/Prefabs/Tank.prefab
  artifactKey: Guid(d9785a1e812997a4cbb725351d479a32) Importer(815301076,1909f56bfc062723c751e8b465ee728b)
Start importing Assets/Prefabs/Tank.prefab using Guid(d9785a1e812997a4cbb725351d479a32) Importer(815301076,1909f56bfc062723c751e8b465ee728b)  -> (artifact id: 'f2531e348d9efbc44ba21e4cdc61c120') in 0.083832 seconds
  Import took 0.086504 seconds .

========================================================================
Received Import Request.
  Time since last request: 4.731398 seconds.
  path: Assets/_Complete-Game.unity
  artifactKey: Guid(37961ba4d27bd46428d20c2ffe403dc3) Importer(815301076,1909f56bfc062723c751e8b465ee728b)
Start importing Assets/_Complete-Game.unity using Guid(37961ba4d27bd46428d20c2ffe403dc3) Importer(815301076,1909f56bfc062723c751e8b465ee728b)  -> (artifact id: '8222ccd89038c7a775b75dca757b30d9') in 0.001963 seconds
  Import took 0.003944 seconds .

========================================================================
Received Import Request.
  Time since last request: 0.044243 seconds.
  path: Assets/_Complete-Game.unity
  artifactKey: Guid(37961ba4d27bd46428d20c2ffe403dc3) Importer(815301076,1909f56bfc062723c751e8b465ee728b)
Start importing Assets/_Complete-Game.unity using Guid(37961ba4d27bd46428d20c2ffe403dc3) Importer(815301076,1909f56bfc062723c751e8b465ee728b)  -> (artifact id: '8222ccd89038c7a775b75dca757b30d9') in 0.001726 seconds
  Import took 0.004195 seconds .

========================================================================
Received Prepare
Registering precompiled user dll's ...
Registered in 0.005368 seconds.
Begin MonoManager ReloadAssembly
Native extension for WindowsStandalone target not found
Native extension for WebGL target not found
Refreshing native plugins compatible for Editor in 0.55 ms, found 2 plugins.
Preloading 0 native plugins for Editor in 0.00 ms.
Mono: successfully reloaded assembly
- Completed reload, in  0.677 seconds
Platform modules already initialized, skipping
Refreshing native plugins compatible for Editor in 0.49 ms, found 2 plugins.
Preloading 0 native plugins for Editor in 0.00 ms.
Unloading 1719 Unused Serialized files (Serialized files now loaded: 0)
System memory in use before: 83.7 MB.
System memory in use after: 83.8 MB.

Unloading 34 unused Assets to reduce memory usage. Loaded Objects now: 2184.
Total: 1.730000 ms (FindLiveObjects: 0.118500 ms CreateObjectMapping: 0.044500 ms MarkObjects: 1.550600 ms  DeleteObjects: 0.015500 ms)

