Using pre-set license
Built from '2020.3/staging' branch; Version is '2020.3.11f1 (99c7afb366b3) revision 10078127'; Using compiler version '192528614'; Build Type 'Release'
OS: 'Windows 10 Pro; OS build 19043.1052; Version 2009; 64bit' Language: 'ko' Physical Memory: 32676 MB
BatchMode: 1, IsHumanControllingUs: 0, StartBugReporterOnCrash: 0, Is64bit: 1, IsPro: 0

 COMMAND LINE ARGUMENTS:
E:\Unity\2020.3.11f1\Editor\Unity.exe
-adb2
-batchMode
-noUpm
-name
AssetImportWorker0
-projectPath
C:/UnityProject/Study/Tanks
-logFile
Logs/AssetImportWorker0.log
-srvPort
9174
Successfully changed project path to: C:/UnityProject/Study/Tanks
C:/UnityProject/Study/Tanks
Using Asset Import Pipeline V2.
Refreshing native plugins compatible for Editor in 34.81 ms, found 2 plugins.
Preloading 0 native plugins for Editor in 0.00 ms.
Initialize engine version: 2020.3.11f1 (99c7afb366b3)
[Subsystems] Discovering subsystems at path E:/Unity/2020.3.11f1/Editor/Data/Resources/UnitySubsystems
[Subsystems] Discovering subsystems at path C:/UnityProject/Study/Tanks/Assets
GfxDevice: creating device client; threaded=0
Direct3D:
    Version:  Direct3D 11.0 [level 11.1]
    Renderer: NVIDIA GeForce GTX 1060 3GB (ID=0x1b84)
    Vendor:   
    VRAM:     2988 MB
    Driver:   27.21.14.5671
Initialize mono
Mono path[0] = 'E:/Unity/2020.3.11f1/Editor/Data/Managed'
Mono path[1] = 'E:/Unity/2020.3.11f1/Editor/Data/MonoBleedingEdge/lib/mono/unityjit'
Mono config path = 'E:/Unity/2020.3.11f1/Editor/Data/MonoBleedingEdge/etc'
Using monoOptions --debugger-agent=transport=dt_socket,embedding=1,server=y,suspend=n,address=127.0.0.1:56984
Begin MonoManager ReloadAssembly
Registering precompiled unity dll's ...
Register platform support module: E:/Unity/2020.3.11f1/Editor/Data/PlaybackEngines/WebGLSupport/UnityEditor.WebGL.Extensions.dll
Register platform support module: E:/Unity/2020.3.11f1/Editor/Data/PlaybackEngines/WindowsStandaloneSupport/UnityEditor.WindowsStandalone.Extensions.dll
Registered in 0.000927 seconds.
Native extension for WindowsStandalone target not found
Native extension for WebGL target not found
Refreshing native plugins compatible for Editor in 37.60 ms, found 2 plugins.
Preloading 0 native plugins for Editor in 0.00 ms.
Mono: successfully reloaded assembly
- Completed reload, in  1.341 seconds
Platform modules already initialized, skipping
Registering precompiled user dll's ...
Registered in 0.005003 seconds.
Begin MonoManager ReloadAssembly
Native extension for WindowsStandalone target not found
Native extension for WebGL target not found
Refreshing native plugins compatible for Editor in 0.86 ms, found 2 plugins.
Preloading 0 native plugins for Editor in 0.00 ms.
Mono: successfully reloaded assembly
- Completed reload, in  0.708 seconds
Platform modules already initialized, skipping
========================================================================
Worker process is ready to serve import requests
Launched and connected shader compiler UnityShaderCompiler.exe after 0.03 seconds
Refreshing native plugins compatible for Editor in 0.72 ms, found 2 plugins.
Preloading 0 native plugins for Editor in 0.00 ms.
Unloading 1753 Unused Serialized files (Serialized files now loaded: 0)
System memory in use before: 83.5 MB.
System memory in use after: 83.6 MB.

Unloading 43 unused Assets to reduce memory usage. Loaded Objects now: 2174.
Total: 1.642500 ms (FindLiveObjects: 0.124300 ms CreateObjectMapping: 0.038400 ms MarkObjects: 1.430700 ms  DeleteObjects: 0.048400 ms)

========================================================================
Received Import Request.
  path: Assets/Prefabs/Tank.prefab
  artifactKey: Guid(d9785a1e812997a4cbb725351d479a32) Importer(815301076,1909f56bfc062723c751e8b465ee728b)
Start importing Assets/Prefabs/Tank.prefab using Guid(d9785a1e812997a4cbb725351d479a32) Importer(815301076,1909f56bfc062723c751e8b465ee728b)  -> (artifact id: 'f2531e348d9efbc44ba21e4cdc61c120') in 0.083832 seconds
  Import took 0.086504 seconds .

========================================================================
Received Import Request.
  Time since last request: 4.731398 seconds.
  path: Assets/_Complete-Game.unity
  artifactKey: Guid(37961ba4d27bd46428d20c2ffe403dc3) Importer(815301076,1909f56bfc062723c751e8b465ee728b)
Start importing Assets/_Complete-Game.unity using Guid(37961ba4d27bd46428d20c2ffe403dc3) Importer(815301076,1909f56bfc062723c751e8b465ee728b)  -> (artifact id: '8222ccd89038c7a775b75dca757b30d9') in 0.001963 seconds
  Import took 0.003944 seconds .

========================================================================
Received Import Request.
  Time since last request: 0.044243 seconds.
  path: Assets/_Complete-Game.unity
  artifactKey: Guid(37961ba4d27bd46428d20c2ffe403dc3) Importer(815301076,1909f56bfc062723c751e8b465ee728b)
Start importing Assets/_Complete-Game.unity using Guid(37961ba4d27bd46428d20c2ffe403dc3) Importer(815301076,1909f56bfc062723c751e8b465ee728b)  -> (artifact id: '8222ccd89038c7a775b75dca757b30d9') in 0.001726 seconds
  Import took 0.004195 seconds .

========================================================================
Received Prepare
Registering precompiled user dll's ...
Registered in 0.005368 seconds.
Begin MonoManager ReloadAssembly
Native extension for WindowsStandalone target not found
Native extension for WebGL target not found
Refreshing native plugins compatible for Editor in 0.55 ms, found 2 plugins.
Preloading 0 native plugins for Editor in 0.00 ms.
Mono: successfully reloaded assembly
- Completed reload, in  0.677 seconds
Platform modules already initialized, skipping
Refreshing native plugins compatible for Editor in 0.49 ms, found 2 plugins.
Preloading 0 native plugins for Editor in 0.00 ms.
Unloading 1719 Unused Serialized files (Serialized files now loaded: 0)
System memory in use before: 83.7 MB.
System memory in use after: 83.8 MB.

Unloading 34 unused Assets to reduce memory usage. Loaded Objects now: 2184.
Total: 1.730000 ms (FindLiveObjects: 0.118500 ms CreateObjectMapping: 0.044500 ms MarkObjects: 1.550600 ms  DeleteObjects: 0.015500 ms)

========================================================================
Received Prepare
Registering precompiled user dll's ...
Registered in 0.003993 seconds.
Begin MonoManager ReloadAssembly
Native extension for WindowsStandalone target not found
Native extension for WebGL target not found
Refreshing native plugins compatible for Editor in 0.50 ms, found 2 plugins.
Preloading 0 native plugins for Editor in 0.00 ms.
Mono: successfully reloaded assembly
- Completed reload, in  0.645 seconds
Platform modules already initialized, skipping
Refreshing native plugins compatible for Editor in 0.46 ms, found 2 plugins.
Preloading 0 native plugins for Editor in 0.00 ms.
Unloading 1719 Unused Serialized files (Serialized files now loaded: 0)
System memory in use before: 83.7 MB.
System memory in use after: 83.8 MB.

Unloading 34 unused Assets to reduce memory usage. Loaded Objects now: 2187.
Total: 1.679100 ms (FindLiveObjects: 0.158700 ms CreateObjectMapping: 0.052800 ms MarkObjects: 1.447700 ms  DeleteObjects: 0.019200 ms)

========================================================================
Received Prepare
Registering precompiled user dll's ...
Registered in 0.005911 seconds.
Begin MonoManager ReloadAssembly
Native extension for WindowsStandalone target not found
Native extension for WebGL target not found
Refreshing native plugins compatible for Editor in 0.60 ms, found 2 plugins.
Preloading 0 native plugins for Editor in 0.00 ms.
Mono: successfully reloaded assembly
- Completed reload, in  0.697 seconds
Platform modules already initialized, skipping
Refreshing native plugins compatible for Editor in 0.55 ms, found 2 plugins.
Preloading 0 native plugins for Editor in 0.00 ms.
Unloading 1941 Unused Serialized files (Serialized files now loaded: 0)
System memory in use before: 90.8 MB.
System memory in use after: 90.9 MB.

Unloading 40 unused Assets to reduce memory usage. Loaded Objects now: 2407.
Total: 1.979200 ms (FindLiveObjects: 0.207000 ms CreateObjectMapping: 0.045700 ms MarkObjects: 1.670300 ms  DeleteObjects: 0.054700 ms)

========================================================================
Received Import Request.
  Time since last request: 2579.442882 seconds.
  path: Assets/Photon/PhotonUnityNetworking/Resources/PhotonServerSettings.asset
  artifactKey: Guid(ccda74ae1e15e4d4691cb6710e6c98ca) Importer(815301076,1909f56bfc062723c751e8b465ee728b)
Start importing Assets/Photon/PhotonUnityNetworking/Resources/PhotonServerSettings.asset using Guid(ccda74ae1e15e4d4691cb6710e6c98ca) Importer(815301076,1909f56bfc062723c751e8b465ee728b)  -> (artifact id: 'ee6d72c9545e0a22da8b6c378a14aa57') in 0.014540 seconds
  Import took 0.017088 seconds .

========================================================================
Received Prepare
Registering precompiled user dll's ...
Registered in 0.005403 seconds.
Begin MonoManager ReloadAssembly
Native extension for WindowsStandalone target not found
Native extension for WebGL target not found
Refreshing native plugins compatible for Editor in 0.55 ms, found 2 plugins.
Preloading 0 native plugins for Editor in 0.00 ms.
Mono: successfully reloaded assembly
- Completed reload, in  0.663 seconds
Platform modules already initialized, skipping
Refreshing native plugins compatible for Editor in 0.53 ms, found 2 plugins.
Preloading 0 native plugins for Editor in 0.00 ms.
Unloading 1941 Unused Serialized files (Serialized files now loaded: 0)
System memory in use before: 90.9 MB.
System memory in use after: 91.0 MB.

Unloading 40 unused Assets to reduce memory usage. Loaded Objects now: 2411.
Total: 1.805300 ms (FindLiveObjects: 0.138700 ms CreateObjectMapping: 0.043400 ms MarkObjects: 1.583300 ms  DeleteObjects: 0.038600 ms)

========================================================================
Received Import Request.
  Time since last request: 459.039271 seconds.
  path: Assets/Photon/PhotonUnityNetworking/Resources
  artifactKey: Guid(2717d1c2e791cf14b8334ef44f4e389f) Importer(815301076,1909f56bfc062723c751e8b465ee728b)
Start importing Assets/Photon/PhotonUnityNetworking/Resources using Guid(2717d1c2e791cf14b8334ef44f4e389f) Importer(815301076,1909f56bfc062723c751e8b465ee728b)  -> (artifact id: '5bae117b5ce168ae9a733fa6c8680ba0') in 0.006553 seconds
  Import took 0.009500 seconds .

========================================================================
Received Import Request.
  Time since last request: 116.020325 seconds.
  path: Assets/Photon/PhotonUnityNetworking/Demos/DemoHub/DemoHub-Scene.unity
  artifactKey: Guid(7dfd47dc8b9484dd79d8636d8603a9e5) Importer(815301076,1909f56bfc062723c751e8b465ee728b)
Start importing Assets/Photon/PhotonUnityNetworking/Demos/DemoHub/DemoHub-Scene.unity using Guid(7dfd47dc8b9484dd79d8636d8603a9e5) Importer(815301076,1909f56bfc062723c751e8b465ee728b)  -> (artifact id: '0602f516ee38522baad616fd967f6d8d') in 0.009332 seconds
  Import took 0.012051 seconds .

========================================================================
Received Import Request.
  Time since last request: 0.491254 seconds.
  path: Assets/Photon/PhotonChat/Demos/DemoChat/DemoChat-Scene.unity
  artifactKey: Guid(ec07267f6a28fb044ac89845274e79af) Importer(815301076,1909f56bfc062723c751e8b465ee728b)
Start importing Assets/Photon/PhotonChat/Demos/DemoChat/DemoChat-Scene.unity using Guid(ec07267f6a28fb044ac89845274e79af) Importer(815301076,1909f56bfc062723c751e8b465ee728b)  -> (artifact id: 'ed6aefe10a88a6787c93f57b5adbccf5') in 0.002070 seconds
  Import took 0.004513 seconds .

========================================================================
Received Import Request.
  Time since last request: 2.592440 seconds.
  path: Assets/Photon/PhotonRealtime/Demos/DemoLoadBalancing/DemoLoadBalancing-Scene.unity
  artifactKey: Guid(a73b0cac1a73cc346aaeb5f8dd0b53f1) Importer(815301076,1909f56bfc062723c751e8b465ee728b)
Start importing Assets/Photon/PhotonRealtime/Demos/DemoLoadBalancing/DemoLoadBalancing-Scene.unity using Guid(a73b0cac1a73cc346aaeb5f8dd0b53f1) Importer(815301076,1909f56bfc062723c751e8b465ee728b)  -> (artifact id: '3866faa8aa45b7434ba3af9970352285') in 0.002126 seconds
  Import took 0.005144 seconds .

========================================================================
Received Prepare
Registering precompiled user dll's ...
Registered in 0.005304 seconds.
Begin MonoManager ReloadAssembly
Native extension for WindowsStandalone target not found
Native extension for WebGL target not found
Refreshing native plugins compatible for Editor in 0.59 ms, found 2 plugins.
Preloading 0 native plugins for Editor in 0.00 ms.
Mono: successfully reloaded assembly
- Completed reload, in  0.680 seconds
Platform modules already initialized, skipping
Refreshing native plugins compatible for Editor in 0.73 ms, found 2 plugins.
Preloading 0 native plugins for Editor in 0.00 ms.
Unloading 1941 Unused Serialized files (Serialized files now loaded: 0)
System memory in use before: 90.9 MB.
System memory in use after: 91.0 MB.

Unloading 40 unused Assets to reduce memory usage. Loaded Objects now: 2415.
Total: 1.590600 ms (FindLiveObjects: 0.113700 ms CreateObjectMapping: 0.036000 ms MarkObjects: 1.397200 ms  DeleteObjects: 0.043000 ms)

========================================================================
Received Prepare
Registering precompiled user dll's ...
Registered in 0.005269 seconds.
Begin MonoManager ReloadAssembly
Native extension for WindowsStandalone target not found
Native extension for WebGL target not found
Refreshing native plugins compatible for Editor in 0.54 ms, found 2 plugins.
Preloading 0 native plugins for Editor in 0.00 ms.
Mono: successfully reloaded assembly
- Completed reload, in  0.664 seconds
Platform modules already initialized, skipping
Refreshing native plugins compatible for Editor in 0.57 ms, found 2 plugins.
Preloading 0 native plugins for Editor in 0.00 ms.
Unloading 1941 Unused Serialized files (Serialized files now loaded: 0)
System memory in use before: 90.9 MB.
System memory in use after: 91.0 MB.

Unloading 40 unused Assets to reduce memory usage. Loaded Objects now: 2419.
Total: 1.734000 ms (FindLiveObjects: 0.139000 ms CreateObjectMapping: 0.043000 ms MarkObjects: 1.510100 ms  DeleteObjects: 0.041200 ms)

========================================================================
Received Import Request.
  Time since last request: 704.063606 seconds.
  path: Assets/Photon/PhotonUnityNetworking/Resources/PhotonServerSettings.asset
  artifactKey: Guid(ccda74ae1e15e4d4691cb6710e6c98ca) Importer(815301076,1909f56bfc062723c751e8b465ee728b)
Start importing Assets/Photon/PhotonUnityNetworking/Resources/PhotonServerSettings.asset using Guid(ccda74ae1e15e4d4691cb6710e6c98ca) Importer(815301076,1909f56bfc062723c751e8b465ee728b)  -> (artifact id: '55d7e95ea4a96a1283842512c70e4333') in 0.012805 seconds
  Import took 0.016154 seconds .

========================================================================
Received Import Request.
  Time since last request: 0.027562 seconds.
  path: Assets/Photon/PhotonUnityNetworking/Resources/PhotonServerSettings.asset
  artifactKey: Guid(ccda74ae1e15e4d4691cb6710e6c98ca) Importer(815301076,1909f56bfc062723c751e8b465ee728b)
Start importing Assets/Photon/PhotonUnityNetworking/Resources/PhotonServerSettings.asset using Guid(ccda74ae1e15e4d4691cb6710e6c98ca) Importer(815301076,1909f56bfc062723c751e8b465ee728b)  -> (artifact id: '55d7e95ea4a96a1283842512c70e4333') in 0.002783 seconds
  Import took 0.005651 seconds .

========================================================================
Received Import Request.
  Time since last request: 29.837393 seconds.
  path: Assets/Photon/PhotonUnityNetworking/Demos/DemoAsteroids/Scenes/DemoAsteroids-GameScene.unity
  artifactKey: Guid(98efc37d6307844488eb3e4247dde7e9) Importer(815301076,1909f56bfc062723c751e8b465ee728b)
Start importing Assets/Photon/PhotonUnityNetworking/Demos/DemoAsteroids/Scenes/DemoAsteroids-GameScene.unity using Guid(98efc37d6307844488eb3e4247dde7e9) Importer(815301076,1909f56bfc062723c751e8b465ee728b)  -> (artifact id: '297dfb6708ab32b2d1968ff4fe48dc47') in 0.002241 seconds
  Import took 0.004945 seconds .

========================================================================
Received Prepare
Registering precompiled user dll's ...
Registered in 0.004959 seconds.
Begin MonoManager ReloadAssembly
Native extension for WindowsStandalone target not found
Native extension for WebGL target not found
Refreshing native plugins compatible for Editor in 0.54 ms, found 2 plugins.
Preloading 0 native plugins for Editor in 0.00 ms.
Mono: successfully reloaded assembly
- Completed reload, in  0.674 seconds
Platform modules already initialized, skipping
Refreshing native plugins compatible for Editor in 0.57 ms, found 2 plugins.
Preloading 0 native plugins for Editor in 0.00 ms.
Unloading 1941 Unused Serialized files (Serialized files now loaded: 0)
System memory in use before: 90.9 MB.
System memory in use after: 91.0 MB.

Unloading 40 unused Assets to reduce memory usage. Loaded Objects now: 2423.
Total: 1.634600 ms (FindLiveObjects: 0.130500 ms CreateObjectMapping: 0.037100 ms MarkObjects: 1.424500 ms  DeleteObjects: 0.041800 ms)

========================================================================
Received Import Request.
  Time since last request: 9.264645 seconds.
  path: Assets/Photon/PhotonUnityNetworking/Demos/DemoProcedural/Procedural-Scene.unity
  artifactKey: Guid(e1fad393017993c4893877b645062417) Importer(815301076,1909f56bfc062723c751e8b465ee728b)
Start importing Assets/Photon/PhotonUnityNetworking/Demos/DemoProcedural/Procedural-Scene.unity using Guid(e1fad393017993c4893877b645062417) Importer(815301076,1909f56bfc062723c751e8b465ee728b)  -> (artifact id: '576fdbee0f8ae6fea23bea38d23dd3b1') in 0.009249 seconds
  Import took 0.011492 seconds .

========================================================================
Received Import Request.
  Time since last request: 2.149975 seconds.
  path: Assets/Scenes/SampleScene.unity
  artifactKey: Guid(9fc0d4010bbf28b4594072e72b8655ab) Importer(815301076,1909f56bfc062723c751e8b465ee728b)
Start importing Assets/Scenes/SampleScene.unity using Guid(9fc0d4010bbf28b4594072e72b8655ab) Importer(815301076,1909f56bfc062723c751e8b465ee728b)  -> (artifact id: 'dcc088d1731b590f9572c6f2bab98c6a') in 0.002131 seconds
  Import took 0.004679 seconds .

========================================================================
Received Import Request.
  Time since last request: 0.659204 seconds.
  path: Assets/Photon/PhotonUnityNetworking/Demos/PunCockpit/PunCockpit-Scene.unity
  artifactKey: Guid(9d6d60c803e244e51ba945a84b88757d) Importer(815301076,1909f56bfc062723c751e8b465ee728b)
Start importing Assets/Photon/PhotonUnityNetworking/Demos/PunCockpit/PunCockpit-Scene.unity using Guid(9d6d60c803e244e51ba945a84b88757d) Importer(815301076,1909f56bfc062723c751e8b465ee728b)  -> (artifact id: '27755960fb11ab616eb24208da7bc74b') in 0.002016 seconds
  Import took 0.004323 seconds .

========================================================================
Received Import Request.
  Time since last request: 5.564868 seconds.
  path: Assets/Photon/PhotonUnityNetworking/Demos/PunBasics-Tutorial/Scenes/PunBasics-Room for 1.unity
  artifactKey: Guid(9b8561c6e396849a5ba48c3eb9524049) Importer(815301076,1909f56bfc062723c751e8b465ee728b)
Start importing Assets/Photon/PhotonUnityNetworking/Demos/PunBasics-Tutorial/Scenes/PunBasics-Room for 1.unity using Guid(9b8561c6e396849a5ba48c3eb9524049) Importer(815301076,1909f56bfc062723c751e8b465ee728b)  -> (artifact id: '7ec537da08b3a92634c464f58064021f') in 0.002298 seconds
  Import took 0.004653 seconds .

========================================================================
Received Import Request.
  Time since last request: 0.678420 seconds.
  path: Assets/Photon/PhotonUnityNetworking/Demos/PunBasics-Tutorial/Scenes/PunBasics-Room for 2.unity
  artifactKey: Guid(764428c63577f4580af4ce54ca9f4b1b) Importer(815301076,1909f56bfc062723c751e8b465ee728b)
Start importing Assets/Photon/PhotonUnityNetworking/Demos/PunBasics-Tutorial/Scenes/PunBasics-Room for 2.unity using Guid(764428c63577f4580af4ce54ca9f4b1b) Importer(815301076,1909f56bfc062723c751e8b465ee728b)  -> (artifact id: 'bcab0027fae027951b2a6d53a3962587') in 0.002202 seconds
  Import took 0.004643 seconds .

========================================================================
Received Prepare
Registering precompiled user dll's ...
Registered in 0.005887 seconds.
Begin MonoManager ReloadAssembly
Native extension for WindowsStandalone target not found
Native extension for WebGL target not found
Refreshing native plugins compatible for Editor in 0.58 ms, found 2 plugins.
Preloading 0 native plugins for Editor in 0.00 ms.
Mono: successfully reloaded assembly
- Completed reload, in  0.714 seconds
Platform modules already initialized, skipping
Refreshing native plugins compatible for Editor in 0.57 ms, found 2 plugins.
Preloading 0 native plugins for Editor in 0.00 ms.
Unloading 1941 Unused Serialized files (Serialized files now loaded: 0)
System memory in use before: 91.0 MB.
System memory in use after: 91.1 MB.

Unloading 40 unused Assets to reduce memory usage. Loaded Objects now: 2427.
Total: 2.019100 ms (FindLiveObjects: 0.190100 ms CreateObjectMapping: 0.073400 ms MarkObjects: 1.706400 ms  DeleteObjects: 0.048400 ms)

========================================================================
Received Prepare
Registering precompiled user dll's ...
Registered in 0.005398 seconds.
Begin MonoManager ReloadAssembly
Native extension for WindowsStandalone target not found
Native extension for WebGL target not found
Refreshing native plugins compatible for Editor in 0.54 ms, found 2 plugins.
Preloading 0 native plugins for Editor in 0.00 ms.
Mono: successfully reloaded assembly
- Completed reload, in  0.670 seconds
Platform modules already initialized, skipping
Refreshing native plugins compatible for Editor in 0.61 ms, found 2 plugins.
Preloading 0 native plugins for Editor in 0.00 ms.
Unloading 1941 Unused Serialized files (Serialized files now loaded: 0)
System memory in use before: 91.0 MB.
System memory in use after: 91.1 MB.

Unloading 40 unused Assets to reduce memory usage. Loaded Objects now: 2431.
Total: 1.740500 ms (FindLiveObjects: 0.169700 ms CreateObjectMapping: 0.063300 ms MarkObjects: 1.462200 ms  DeleteObjects: 0.044300 ms)

========================================================================
Received Prepare
Registering precompiled user dll's ...
Registered in 0.005594 seconds.
Begin MonoManager ReloadAssembly
Native extension for WindowsStandalone target not found
Native extension for WebGL target not found
Refreshing native plugins compatible for Editor in 0.55 ms, found 2 plugins.
Preloading 0 native plugins for Editor in 0.00 ms.
Mono: successfully reloaded assembly
- Completed reload, in  0.745 seconds
Platform modules already initialized, skipping
Refreshing native plugins compatible for Editor in 0.61 ms, found 2 plugins.
Preloading 0 native plugins for Editor in 0.00 ms.
Unloading 1941 Unused Serialized files (Serialized files now loaded: 0)
System memory in use before: 91.0 MB.
System memory in use after: 91.1 MB.

Unloading 40 unused Assets to reduce memory usage. Loaded Objects now: 2435.
Total: 2.057600 ms (FindLiveObjects: 0.187800 ms CreateObjectMapping: 0.071000 ms MarkObjects: 1.742900 ms  DeleteObjects: 0.055400 ms)

========================================================================
Received Prepare
Registering precompiled user dll's ...
Registered in 0.004888 seconds.
Begin MonoManager ReloadAssembly
Native extension for WindowsStandalone target not found
Native extension for WebGL target not found
Refreshing native plugins compatible for Editor in 0.55 ms, found 2 plugins.
Preloading 0 native plugins for Editor in 0.00 ms.
Mono: successfully reloaded assembly
- Completed reload, in  0.663 seconds
Platform modules already initialized, skipping
Refreshing native plugins compatible for Editor in 0.52 ms, found 2 plugins.
Preloading 0 native plugins for Editor in 0.00 ms.
Unloading 1941 Unused Serialized files (Serialized files now loaded: 0)
System memory in use before: 91.0 MB.
System memory in use after: 91.1 MB.

Unloading 40 unused Assets to reduce memory usage. Loaded Objects now: 2439.
Total: 1.739700 ms (FindLiveObjects: 0.148100 ms CreateObjectMapping: 0.056100 ms MarkObjects: 1.494900 ms  DeleteObjects: 0.040100 ms)

========================================================================
Received Import Request.
  Time since last request: 306.916882 seconds.
  path: Assets/Photon/PhotonUnityNetworking/Demos/PunBasics-Tutorial/Scenes/PunBasics-Room for 3.unity
  artifactKey: Guid(e07afcca5bf1a41f5bd28f498656b7b8) Importer(815301076,1909f56bfc062723c751e8b465ee728b)
Start importing Assets/Photon/PhotonUnityNetworking/Demos/PunBasics-Tutorial/Scenes/PunBasics-Room for 3.unity using Guid(e07afcca5bf1a41f5bd28f498656b7b8) Importer(815301076,1909f56bfc062723c751e8b465ee728b)  -> (artifact id: '0b9632a76fa1d49d067b2b1f4adb77e2') in 0.012770 seconds
  Import took 0.015071 seconds .

========================================================================
Received Prepare
Registering precompiled user dll's ...
Registered in 0.005482 seconds.
Begin MonoManager ReloadAssembly
Native extension for WindowsStandalone target not found
Native extension for WebGL target not found
Refreshing native plugins compatible for Editor in 0.57 ms, found 2 plugins.
Preloading 0 native plugins for Editor in 0.00 ms.
Mono: successfully reloaded assembly
- Completed reload, in  0.717 seconds
Platform modules already initialized, skipping
Refreshing native plugins compatible for Editor in 0.58 ms, found 2 plugins.
Preloading 0 native plugins for Editor in 0.00 ms.
Unloading 1941 Unused Serialized files (Serialized files now loaded: 0)
System memory in use before: 91.0 MB.
System memory in use after: 91.1 MB.

Unloading 40 unused Assets to reduce memory usage. Loaded Objects now: 2443.
Total: 2.082900 ms (FindLiveObjects: 0.171700 ms CreateObjectMapping: 0.074700 ms MarkObjects: 1.785600 ms  DeleteObjects: 0.049600 ms)

========================================================================
Received Prepare
Registering precompiled user dll's ...
Registered in 0.005997 seconds.
Begin MonoManager ReloadAssembly
Native extension for WindowsStandalone target not found
Native extension for WebGL target not found
Refreshing native plugins compatible for Editor in 0.66 ms, found 2 plugins.
Preloading 0 native plugins for Editor in 0.00 ms.
Mono: successfully reloaded assembly
- Completed reload, in  0.730 seconds
Platform modules already initialized, skipping
Refreshing native plugins compatible for Editor in 0.57 ms, found 2 plugins.
Preloading 0 native plugins for Editor in 0.00 ms.
Unloading 1941 Unused Serialized files (Serialized files now loaded: 0)
System memory in use before: 91.0 MB.
System memory in use after: 91.1 MB.

Unloading 40 unused Assets to reduce memory usage. Loaded Objects now: 2447.
Total: 1.986400 ms (FindLiveObjects: 0.162900 ms CreateObjectMapping: 0.056300 ms MarkObjects: 1.724900 ms  DeleteObjects: 0.041600 ms)

========================================================================
Received Prepare
Registering precompiled user dll's ...
Registered in 0.005719 seconds.
Begin MonoManager ReloadAssembly
Native extension for WindowsStandalone target not found
Native extension for WebGL target not found
Refreshing native plugins compatible for Editor in 0.60 ms, found 2 plugins.
Preloading 0 native plugins for Editor in 0.00 ms.
Mono: successfully reloaded assembly
- Completed reload, in  0.732 seconds
Platform modules already initialized, skipping
Refreshing native plugins compatible for Editor in 0.57 ms, found 2 plugins.
Preloading 0 native plugins for Editor in 0.00 ms.
Unloading 1941 Unused Serialized files (Serialized files now loaded: 0)
System memory in use before: 91.0 MB.
System memory in use after: 91.1 MB.

Unloading 40 unused Assets to reduce memory usage. Loaded Objects now: 2451.
Total: 1.828500 ms (FindLiveObjects: 0.186400 ms CreateObjectMapping: 0.054100 ms MarkObjects: 1.547300 ms  DeleteObjects: 0.040000 ms)

========================================================================
Received Prepare
Registering precompiled user dll's ...
Registered in 0.005535 seconds.
Begin MonoManager ReloadAssembly
Native extension for WindowsStandalone target not found
Native extension for WebGL target not found
Refreshing native plugins compatible for Editor in 1.11 ms, found 2 plugins.
Preloading 0 native plugins for Editor in 0.00 ms.
Mono: successfully reloaded assembly
- Completed reload, in  0.782 seconds
Platform modules already initialized, skipping
Refreshing native plugins compatible for Editor in 0.56 ms, found 2 plugins.
Preloading 0 native plugins for Editor in 0.00 ms.
Unloading 1967 Unused Serialized files (Serialized files now loaded: 0)
System memory in use before: 91.7 MB.
System memory in use after: 91.8 MB.

Unloading 40 unused Assets to reduce memory usage. Loaded Objects now: 2481.
Total: 2.296500 ms (FindLiveObjects: 0.389300 ms CreateObjectMapping: 0.058500 ms MarkObjects: 1.790300 ms  DeleteObjects: 0.056500 ms)

========================================================================
Received Prepare
Registering precompiled user dll's ...
Registered in 0.005428 seconds.
Begin MonoManager ReloadAssembly
Native extension for WindowsStandalone target not found
Native extension for WebGL target not found
Refreshing native plugins compatible for Editor in 0.55 ms, found 2 plugins.
Preloading 0 native plugins for Editor in 0.00 ms.
Mono: successfully reloaded assembly
- Completed reload, in  0.679 seconds
Platform modules already initialized, skipping
Refreshing native plugins compatible for Editor in 0.55 ms, found 2 plugins.
Preloading 0 native plugins for Editor in 0.00 ms.
Unloading 1975 Unused Serialized files (Serialized files now loaded: 0)
System memory in use before: 91.9 MB.
System memory in use after: 92.0 MB.

Unloading 40 unused Assets to reduce memory usage. Loaded Objects now: 2493.
Total: 1.633600 ms (FindLiveObjects: 0.142100 ms CreateObjectMapping: 0.052700 ms MarkObjects: 1.396600 ms  DeleteObjects: 0.041400 ms)

========================================================================
Received Prepare
Registering precompiled user dll's ...
Registered in 0.005645 seconds.
Begin MonoManager ReloadAssembly
Native extension for WindowsStandalone target not found
Native extension for WebGL target not found
Refreshing native plugins compatible for Editor in 0.60 ms, found 2 plugins.
Preloading 0 native plugins for Editor in 0.00 ms.
Mono: successfully reloaded assembly
- Completed reload, in  0.656 seconds
Platform modules already initialized, skipping
Refreshing native plugins compatible for Editor in 0.83 ms, found 2 plugins.
Preloading 0 native plugins for Editor in 0.00 ms.
Unloading 1975 Unused Serialized files (Serialized files now loaded: 0)
System memory in use before: 91.9 MB.
System memory in use after: 92.0 MB.

Unloading 40 unused Assets to reduce memory usage. Loaded Objects now: 2497.
Total: 1.744100 ms (FindLiveObjects: 0.163300 ms CreateObjectMapping: 0.043400 ms MarkObjects: 1.495600 ms  DeleteObjects: 0.041000 ms)

========================================================================
Received Import Request.
  Time since last request: 3094.612543 seconds.
  path: Assets/Photon/PhotonUnityNetworking/Code/Editor/Views/PhotonRigidbodyViewEditor.cs
  artifactKey: Guid(4bcfebc9a2f1074488adedd1fe84e6c9) Importer(815301076,1909f56bfc062723c751e8b465ee728b)
Start importing Assets/Photon/PhotonUnityNetworking/Code/Editor/Views/PhotonRigidbodyViewEditor.cs using Guid(4bcfebc9a2f1074488adedd1fe84e6c9) Importer(815301076,1909f56bfc062723c751e8b465ee728b)  -> (artifact id: 'a079f9cc48f0f79c03463b6dbb0428e2') in 0.008747 seconds
  Import took 0.012113 seconds .

========================================================================
Received Import Request.
  Time since last request: 0.018714 seconds.
  path: Assets/Photon/PhotonUnityNetworking/Code/Editor/Views/PhotonRigidbodyViewEditor.cs
  artifactKey: Guid(4bcfebc9a2f1074488adedd1fe84e6c9) Importer(815301076,1909f56bfc062723c751e8b465ee728b)
Start importing Assets/Photon/PhotonUnityNetworking/Code/Editor/Views/PhotonRigidbodyViewEditor.cs using Guid(4bcfebc9a2f1074488adedd1fe84e6c9) Importer(815301076,1909f56bfc062723c751e8b465ee728b)  -> (artifact id: 'a079f9cc48f0f79c03463b6dbb0428e2') in 0.001604 seconds
  Import took 0.003967 seconds .

========================================================================
Received Import Request.
  Time since last request: 14.028220 seconds.
  path: Assets/Scripts/Photon/PhotonTest.unity
  artifactKey: Guid(557cbbcebc7ccf247b6d20a9b83bc7a6) Importer(815301076,1909f56bfc062723c751e8b465ee728b)
Start importing Assets/Scripts/Photon/PhotonTest.unity using Guid(557cbbcebc7ccf247b6d20a9b83bc7a6) Importer(815301076,1909f56bfc062723c751e8b465ee728b)  -> (artifact id: '962e51489d308e973007ab0fd7984d74') in 0.017837 seconds
  Import took 0.020296 seconds .

========================================================================
Received Prepare
Registering precompiled user dll's ...
Registered in 0.005299 seconds.
Begin MonoManager ReloadAssembly
Native extension for WindowsStandalone target not found
Native extension for WebGL target not found
Refreshing native plugins compatible for Editor in 0.57 ms, found 2 plugins.
Preloading 0 native plugins for Editor in 0.00 ms.
Mono: successfully reloaded assembly
- Completed reload, in  0.745 seconds
Platform modules already initialized, skipping
Refreshing native plugins compatible for Editor in 0.82 ms, found 2 plugins.
Preloading 0 native plugins for Editor in 0.00 ms.
Unloading 1975 Unused Serialized files (Serialized files now loaded: 0)
System memory in use before: 91.9 MB.
System memory in use after: 92.0 MB.

Unloading 40 unused Assets to reduce memory usage. Loaded Objects now: 2501.
Total: 2.601000 ms (FindLiveObjects: 0.384100 ms CreateObjectMapping: 0.109500 ms MarkObjects: 2.060700 ms  DeleteObjects: 0.046000 ms)

========================================================================
Received Prepare
Registering precompiled user dll's ...
Registered in 0.005540 seconds.
Begin MonoManager ReloadAssembly
Native extension for WindowsStandalone target not found
Native extension for WebGL target not found
Refreshing native plugins compatible for Editor in 0.56 ms, found 2 plugins.
Preloading 0 native plugins for Editor in 0.00 ms.
Mono: successfully reloaded assembly
- Completed reload, in  0.749 seconds
Platform modules already initialized, skipping
Refreshing native plugins compatible for Editor in 0.82 ms, found 2 plugins.
Preloading 0 native plugins for Editor in 0.00 ms.
Unloading 1975 Unused Serialized files (Serialized files now loaded: 0)
System memory in use before: 91.9 MB.
System memory in use after: 92.0 MB.

Unloading 40 unused Assets to reduce memory usage. Loaded Objects now: 2505.
Total: 1.971600 ms (FindLiveObjects: 0.158400 ms CreateObjectMapping: 0.069300 ms MarkObjects: 1.700400 ms  DeleteObjects: 0.042700 ms)

========================================================================
Received Prepare
Registering precompiled user dll's ...
Registered in 0.005411 seconds.
Begin MonoManager ReloadAssembly
Native extension for WindowsStandalone target not found
Native extension for WebGL target not found
Refreshing native plugins compatible for Editor in 0.64 ms, found 2 plugins.
Preloading 0 native plugins for Editor in 0.00 ms.
Mono: successfully reloaded assembly
- Completed reload, in  0.727 seconds
Platform modules already initialized, skipping
Refreshing native plugins compatible for Editor in 0.59 ms, found 2 plugins.
Preloading 0 native plugins for Editor in 0.00 ms.
Unloading 1975 Unused Serialized files (Serialized files now loaded: 0)
System memory in use before: 91.9 MB.
System memory in use after: 92.0 MB.

Unloading 40 unused Assets to reduce memory usage. Loaded Objects now: 2509.
Total: 2.003100 ms (FindLiveObjects: 0.169600 ms CreateObjectMapping: 0.055200 ms MarkObjects: 1.737100 ms  DeleteObjects: 0.040600 ms)

========================================================================
Received Prepare
Registering precompiled user dll's ...
Registered in 0.006576 seconds.
Begin MonoManager ReloadAssembly
Native extension for WindowsStandalone target not found
Native extension for WebGL target not found
Refreshing native plugins compatible for Editor in 0.58 ms, found 2 plugins.
Preloading 0 native plugins for Editor in 0.00 ms.
Mono: successfully reloaded assembly
- Completed reload, in  0.738 seconds
Platform modules already initialized, skipping
Refreshing native plugins compatible for Editor in 0.60 ms, found 2 plugins.
Preloading 0 native plugins for Editor in 0.00 ms.
Unloading 1975 Unused Serialized files (Serialized files now loaded: 0)
System memory in use before: 91.9 MB.
System memory in use after: 92.0 MB.

Unloading 40 unused Assets to reduce memory usage. Loaded Objects now: 2513.
Total: 2.337300 ms (FindLiveObjects: 0.181700 ms CreateObjectMapping: 0.096900 ms MarkObjects: 2.014400 ms  DeleteObjects: 0.043600 ms)

========================================================================
Received Prepare
Registering precompiled user dll's ...
Registered in 0.005250 seconds.
Begin MonoManager ReloadAssembly
Native extension for WindowsStandalone target not found
Native extension for WebGL target not found
Refreshing native plugins compatible for Editor in 0.89 ms, found 2 plugins.
Preloading 0 native plugins for Editor in 0.00 ms.
Mono: successfully reloaded assembly
- Completed reload, in  0.734 seconds
Platform modules already initialized, skipping
Refreshing native plugins compatible for Editor in 0.62 ms, found 2 plugins.
Preloading 0 native plugins for Editor in 0.00 ms.
Unloading 1975 Unused Serialized files (Serialized files now loaded: 0)
System memory in use before: 91.9 MB.
System memory in use after: 92.0 MB.

Unloading 40 unused Assets to reduce memory usage. Loaded Objects now: 2517.
Total: 1.841900 ms (FindLiveObjects: 0.146100 ms CreateObjectMapping: 0.055200 ms MarkObjects: 1.596800 ms  DeleteObjects: 0.043000 ms)

========================================================================
Received Import Request.
  Time since last request: 4063.227302 seconds.
  path: Assets/Scripts/Photon/PhotonTest.unity
  artifactKey: Guid(557cbbcebc7ccf247b6d20a9b83bc7a6) Importer(815301076,1909f56bfc062723c751e8b465ee728b)
Start importing Assets/Scripts/Photon/PhotonTest.unity using Guid(557cbbcebc7ccf247b6d20a9b83bc7a6) Importer(815301076,1909f56bfc062723c751e8b465ee728b)  -> (artifact id: 'd325c48f080d8b0f80c7f37a28a02793') in 0.016162 seconds
  Import took 0.019097 seconds .

========================================================================
Received Import Request.
  Time since last request: 41.704508 seconds.
  path: Assets/Prefabs/Canvas.prefab
  artifactKey: Guid(8ed4cacfc1b82f2418d92600cce40ef9) Importer(815301076,1909f56bfc062723c751e8b465ee728b)
Start importing Assets/Prefabs/Canvas.prefab using Guid(8ed4cacfc1b82f2418d92600cce40ef9) Importer(815301076,1909f56bfc062723c751e8b465ee728b)  -> (artifact id: 'e25c8dee019d50504f390a5ff9d99794') in 0.027011 seconds
  Import took 0.030180 seconds .

========================================================================
Received Prepare
Registering precompiled user dll's ...
Registered in 0.006559 seconds.
Begin MonoManager ReloadAssembly
Native extension for WindowsStandalone target not found
Native extension for WebGL target not found
Refreshing native plugins compatible for Editor in 0.57 ms, found 2 plugins.
Preloading 0 native plugins for Editor in 0.00 ms.
Mono: successfully reloaded assembly
- Completed reload, in  0.772 seconds
Platform modules already initialized, skipping
Refreshing native plugins compatible for Editor in 0.79 ms, found 2 plugins.
Preloading 0 native plugins for Editor in 0.00 ms.
Unloading 1975 Unused Serialized files (Serialized files now loaded: 0)
System memory in use before: 92.0 MB.
System memory in use after: 92.1 MB.

Unloading 42 unused Assets to reduce memory usage. Loaded Objects now: 2523.
Total: 2.389900 ms (FindLiveObjects: 0.169900 ms CreateObjectMapping: 0.058000 ms MarkObjects: 2.110400 ms  DeleteObjects: 0.050800 ms)

========================================================================
Received Prepare
Registering precompiled user dll's ...
Registered in 0.005586 seconds.
Begin MonoManager ReloadAssembly
Native extension for WindowsStandalone target not found
Native extension for WebGL target not found
Refreshing native plugins compatible for Editor in 0.60 ms, found 2 plugins.
Preloading 0 native plugins for Editor in 0.00 ms.
Mono: successfully reloaded assembly
- Completed reload, in  0.789 seconds
Platform modules already initialized, skipping
Refreshing native plugins compatible for Editor in 0.56 ms, found 2 plugins.
Preloading 0 native plugins for Editor in 0.00 ms.
Unloading 1975 Unused Serialized files (Serialized files now loaded: 0)
System memory in use before: 92.0 MB.
System memory in use after: 92.1 MB.

Unloading 40 unused Assets to reduce memory usage. Loaded Objects now: 2527.
Total: 1.968600 ms (FindLiveObjects: 0.146600 ms CreateObjectMapping: 0.045000 ms MarkObjects: 1.723500 ms  DeleteObjects: 0.052600 ms)

========================================================================
Received Import Request.
  Time since last request: 330.202091 seconds.
  path: Assets/Photon/PhotonUnityNetworking
  artifactKey: Guid(d2b6672cc770a19438ff06fcb2637630) Importer(815301076,1909f56bfc062723c751e8b465ee728b)
Start importing Assets/Photon/PhotonUnityNetworking using Guid(d2b6672cc770a19438ff06fcb2637630) Importer(815301076,1909f56bfc062723c751e8b465ee728b)  -> (artifact id: '35ede24a24719380ddefcdd67530cfbd') in 0.004906 seconds
  Import took 0.007513 seconds .

========================================================================
Received Import Request.
  Time since last request: 2.652510 seconds.
  path: Assets/Photon/PhotonUnityNetworking/Resources/PhotonServerSettings.asset
  artifactKey: Guid(ccda74ae1e15e4d4691cb6710e6c98ca) Importer(815301076,1909f56bfc062723c751e8b465ee728b)
Start importing Assets/Photon/PhotonUnityNetworking/Resources/PhotonServerSettings.asset using Guid(ccda74ae1e15e4d4691cb6710e6c98ca) Importer(815301076,1909f56bfc062723c751e8b465ee728b)  -> (artifact id: '5ad78c900a551cef9f471103a142c0c8') in 0.009898 seconds
  Import took 0.012576 seconds .

========================================================================
Received Import Request.
  Time since last request: 0.001653 seconds.
  path: Assets/Photon/PhotonUnityNetworking/Resources/PhotonServerSettings.asset
  artifactKey: Guid(ccda74ae1e15e4d4691cb6710e6c98ca) Importer(815301076,1909f56bfc062723c751e8b465ee728b)
Start importing Assets/Photon/PhotonUnityNetworking/Resources/PhotonServerSettings.asset using Guid(ccda74ae1e15e4d4691cb6710e6c98ca) Importer(815301076,1909f56bfc062723c751e8b465ee728b)  -> (artifact id: '5ad78c900a551cef9f471103a142c0c8') in 0.002024 seconds
  Import took 0.003956 seconds .

========================================================================
Received Import Request.
  Time since last request: 314.449965 seconds.
  path: Assets/Resources
  artifactKey: Guid(18b9d350a64613e4da8b00b2059ef4da) Importer(815301076,1909f56bfc062723c751e8b465ee728b)
Start importing Assets/Resources using Guid(18b9d350a64613e4da8b00b2059ef4da) Importer(815301076,1909f56bfc062723c751e8b465ee728b)  -> (artifact id: 'bc7a4cdff6dc393c17a63f61b4f7c4cb') in 0.001694 seconds
  Import took 0.004399 seconds .

========================================================================
Received Import Request.
  Time since last request: 322.951070 seconds.
  path: Assets/Resources/Tank.prefab
  artifactKey: Guid(d9785a1e812997a4cbb725351d479a32) Importer(815301076,1909f56bfc062723c751e8b465ee728b)
Start importing Assets/Resources/Tank.prefab using Guid(d9785a1e812997a4cbb725351d479a32) Importer(815301076,1909f56bfc062723c751e8b465ee728b)  -> (artifact id: 'fa34dbdf18f959b9e5777c365a37b604') in 0.037456 seconds
  Import took 0.041017 seconds .

========================================================================
Received Import Request.
  Time since last request: 10.208565 seconds.
  path: Assets/Resources/Tank.prefab
  artifactKey: Guid(d9785a1e812997a4cbb725351d479a32) Importer(815301076,1909f56bfc062723c751e8b465ee728b)
Start importing Assets/Resources/Tank.prefab using Guid(d9785a1e812997a4cbb725351d479a32) Importer(815301076,1909f56bfc062723c751e8b465ee728b)  -> (artifact id: '219e4487db14c32c4335be9bad073e78') in 0.008872 seconds
  Import took 0.011713 seconds .

========================================================================
Received Import Request.
  Time since last request: 20.572581 seconds.
  path: Assets/Photon/PhotonUnityNetworking/Demos/DemoAsteroids/Scripts/Game/Asteroid.cs
  artifactKey: Guid(c852cc8bbc743374083cab6f7df68bb7) Importer(815301076,1909f56bfc062723c751e8b465ee728b)
Start importing Assets/Photon/PhotonUnityNetworking/Demos/DemoAsteroids/Scripts/Game/Asteroid.cs using Guid(c852cc8bbc743374083cab6f7df68bb7) Importer(815301076,1909f56bfc062723c751e8b465ee728b)  -> (artifact id: '1d600ed15d9ec3e8fb9b5e72397ed342') in 0.001963 seconds
  Import took 0.004428 seconds .

========================================================================
Received Import Request.
  Time since last request: 0.003085 seconds.
  path: Assets/Photon/PhotonUnityNetworking/Demos/DemoAsteroids/Scripts/Game/Asteroid.cs
  artifactKey: Guid(c852cc8bbc743374083cab6f7df68bb7) Importer(815301076,1909f56bfc062723c751e8b465ee728b)
Start importing Assets/Photon/PhotonUnityNetworking/Demos/DemoAsteroids/Scripts/Game/Asteroid.cs using Guid(c852cc8bbc743374083cab6f7df68bb7) Importer(815301076,1909f56bfc062723c751e8b465ee728b)  -> (artifact id: '1d600ed15d9ec3e8fb9b5e72397ed342') in 0.001494 seconds
  Import took 0.004083 seconds .

========================================================================
Received Import Request.
  Time since last request: 7.355531 seconds.
  path: Assets/Photon/PhotonUnityNetworking/Code/Editor/PhotonViewHandler.cs
  artifactKey: Guid(57b538e62a0ca6248bfd354def935e57) Importer(815301076,1909f56bfc062723c751e8b465ee728b)
Start importing Assets/Photon/PhotonUnityNetworking/Code/Editor/PhotonViewHandler.cs using Guid(57b538e62a0ca6248bfd354def935e57) Importer(815301076,1909f56bfc062723c751e8b465ee728b)  -> (artifact id: 'dbeef5d5daaf8e6fd4dd844a902c5598') in 0.001986 seconds
  Import took 0.004744 seconds .

========================================================================
Received Import Request.
  Time since last request: 0.001516 seconds.
  path: Assets/Photon/PhotonUnityNetworking/Code/Editor/PhotonViewHandler.cs
  artifactKey: Guid(57b538e62a0ca6248bfd354def935e57) Importer(815301076,1909f56bfc062723c751e8b465ee728b)
Start importing Assets/Photon/PhotonUnityNetworking/Code/Editor/PhotonViewHandler.cs using Guid(57b538e62a0ca6248bfd354def935e57) Importer(815301076,1909f56bfc062723c751e8b465ee728b)  -> (artifact id: 'dbeef5d5daaf8e6fd4dd844a902c5598') in 0.002028 seconds
  Import took 0.004330 seconds .

========================================================================
Received Import Request.
  Time since last request: 0.364629 seconds.
  path: Assets/Photon/PhotonUnityNetworking/Code/PhotonView.cs
  artifactKey: Guid(aa584fbee541324448dd18d8409c7a41) Importer(815301076,1909f56bfc062723c751e8b465ee728b)
Start importing Assets/Photon/PhotonUnityNetworking/Code/PhotonView.cs using Guid(aa584fbee541324448dd18d8409c7a41) Importer(815301076,1909f56bfc062723c751e8b465ee728b)  -> (artifact id: 'bf6698410366658a9130cdffb9f9ffaa') in 0.001735 seconds
  Import took 0.004195 seconds .

========================================================================
Received Import Request.
  Time since last request: 0.000651 seconds.
  path: Assets/Photon/PhotonUnityNetworking/Code/PhotonView.cs
  artifactKey: Guid(aa584fbee541324448dd18d8409c7a41) Importer(815301076,1909f56bfc062723c751e8b465ee728b)
Start importing Assets/Photon/PhotonUnityNetworking/Code/PhotonView.cs using Guid(aa584fbee541324448dd18d8409c7a41) Importer(815301076,1909f56bfc062723c751e8b465ee728b)  -> (artifact id: 'bf6698410366658a9130cdffb9f9ffaa') in 0.001361 seconds
  Import took 0.003249 seconds .

========================================================================
Received Import Request.
  Time since last request: 105.199796 seconds.
  path: Assets/Resources/Tank.prefab
  artifactKey: Guid(d9785a1e812997a4cbb725351d479a32) Importer(815301076,1909f56bfc062723c751e8b465ee728b)
Start importing Assets/Resources/Tank.prefab using Guid(d9785a1e812997a4cbb725351d479a32) Importer(815301076,1909f56bfc062723c751e8b465ee728b)  -> (artifact id: '3e8f3c7ad7fc9483391ef594bb2eab1b') in 0.007978 seconds
  Import took 0.010674 seconds .

========================================================================
Received Import Request.
  Time since last request: 1.392346 seconds.
  path: Assets/Resources/Tank.prefab
  artifactKey: Guid(d9785a1e812997a4cbb725351d479a32) Importer(815301076,1909f56bfc062723c751e8b465ee728b)
Start importing Assets/Resources/Tank.prefab using Guid(d9785a1e812997a4cbb725351d479a32) Importer(815301076,1909f56bfc062723c751e8b465ee728b)  -> (artifact id: 'd6e1028dfe72b9007f966e0cc445e9b0') in 0.008454 seconds
  Import took 0.011326 seconds .

========================================================================
Received Import Request.
  Time since last request: 6.216629 seconds.
  path: Assets/Resources/Tank.prefab
  artifactKey: Guid(d9785a1e812997a4cbb725351d479a32) Importer(815301076,1909f56bfc062723c751e8b465ee728b)
Start importing Assets/Resources/Tank.prefab using Guid(d9785a1e812997a4cbb725351d479a32) Importer(815301076,1909f56bfc062723c751e8b465ee728b)  -> (artifact id: '36b55f97fdfa2469eef71b20fbd036a7') in 0.007357 seconds
  Import took 0.009983 seconds .

========================================================================
Received Import Request.
  Time since last request: 763.155404 seconds.
  path: Assets/Tank.cs
  artifactKey: Guid(1b6b379946175224bb85df4e2d24c3b4) Importer(815301076,1909f56bfc062723c751e8b465ee728b)
Start importing Assets/Tank.cs using Guid(1b6b379946175224bb85df4e2d24c3b4) Importer(815301076,1909f56bfc062723c751e8b465ee728b)  -> (artifact id: '07c088185149792130fc5d25773cb9d2') in 0.001626 seconds
  Import took 0.004502 seconds .

========================================================================
Received Prepare
Registering precompiled user dll's ...
Registered in 0.004937 seconds.
Begin MonoManager ReloadAssembly
Native extension for WindowsStandalone target not found
Native extension for WebGL target not found
Refreshing native plugins compatible for Editor in 0.56 ms, found 2 plugins.
Preloading 0 native plugins for Editor in 0.00 ms.
Mono: successfully reloaded assembly
- Completed reload, in  0.674 seconds
Platform modules already initialized, skipping
Refreshing native plugins compatible for Editor in 0.55 ms, found 2 plugins.
Preloading 0 native plugins for Editor in 0.00 ms.
Unloading 1975 Unused Serialized files (Serialized files now loaded: 0)
System memory in use before: 92.1 MB.
System memory in use after: 92.2 MB.

Unloading 40 unused Assets to reduce memory usage. Loaded Objects now: 2532.
Total: 1.760800 ms (FindLiveObjects: 0.141400 ms CreateObjectMapping: 0.048600 ms MarkObjects: 1.528300 ms  DeleteObjects: 0.041900 ms)

========================================================================
Received Prepare
Registering precompiled user dll's ...
Registered in 0.004959 seconds.
Begin MonoManager ReloadAssembly
Native extension for WindowsStandalone target not found
Native extension for WebGL target not found
Refreshing native plugins compatible for Editor in 0.57 ms, found 2 plugins.
Preloading 0 native plugins for Editor in 0.00 ms.
Mono: successfully reloaded assembly
- Completed reload, in  0.656 seconds
Platform modules already initialized, skipping
Refreshing native plugins compatible for Editor in 0.57 ms, found 2 plugins.
Preloading 0 native plugins for Editor in 0.00 ms.
Unloading 1975 Unused Serialized files (Serialized files now loaded: 0)
System memory in use before: 92.1 MB.
System memory in use after: 92.2 MB.

Unloading 40 unused Assets to reduce memory usage. Loaded Objects now: 2536.
Total: 1.685100 ms (FindLiveObjects: 0.165100 ms CreateObjectMapping: 0.055700 ms MarkObjects: 1.424100 ms  DeleteObjects: 0.039100 ms)

========================================================================
Received Prepare
Registering precompiled user dll's ...
Registered in 0.005438 seconds.
Begin MonoManager ReloadAssembly
Native extension for WindowsStandalone target not found
Native extension for WebGL target not found
Refreshing native plugins compatible for Editor in 0.56 ms, found 2 plugins.
Preloading 0 native plugins for Editor in 0.00 ms.
Mono: successfully reloaded assembly
- Completed reload, in  0.744 seconds
Platform modules already initialized, skipping
Refreshing native plugins compatible for Editor in 0.69 ms, found 2 plugins.
Preloading 0 native plugins for Editor in 0.00 ms.
Unloading 1975 Unused Serialized files (Serialized files now loaded: 0)
System memory in use before: 92.1 MB.
System memory in use after: 92.2 MB.

Unloading 40 unused Assets to reduce memory usage. Loaded Objects now: 2540.
Total: 2.524700 ms (FindLiveObjects: 0.186200 ms CreateObjectMapping: 0.059300 ms MarkObjects: 2.230100 ms  DeleteObjects: 0.047800 ms)

========================================================================
Received Import Request.
  Time since last request: 348.208246 seconds.
  path: Assets/Photon/PhotonUnityNetworking/Code
  artifactKey: Guid(9a312e4dbb5268d4e859200f68478e0c) Importer(815301076,1909f56bfc062723c751e8b465ee728b)
Start importing Assets/Photon/PhotonUnityNetworking/Code using Guid(9a312e4dbb5268d4e859200f68478e0c) Importer(815301076,1909f56bfc062723c751e8b465ee728b)  -> (artifact id: '9bcf700072193c3880a76420d900d598') in 0.004318 seconds
  Import took 0.006892 seconds .

========================================================================
Received Prepare
Registering precompiled user dll's ...
Registered in 0.005985 seconds.
Begin MonoManager ReloadAssembly
Native extension for WindowsStandalone target not found
Native extension for WebGL target not found
Refreshing native plugins compatible for Editor in 0.56 ms, found 2 plugins.
Preloading 0 native plugins for Editor in 0.00 ms.
Mono: successfully reloaded assembly
- Completed reload, in  0.740 seconds
Platform modules already initialized, skipping
Refreshing native plugins compatible for Editor in 0.56 ms, found 2 plugins.
Preloading 0 native plugins for Editor in 0.00 ms.
Unloading 1975 Unused Serialized files (Serialized files now loaded: 0)
System memory in use before: 92.1 MB.
System memory in use after: 92.2 MB.

Unloading 40 unused Assets to reduce memory usage. Loaded Objects now: 2544.
Total: 1.880800 ms (FindLiveObjects: 0.170400 ms CreateObjectMapping: 0.056800 ms MarkObjects: 1.614800 ms  DeleteObjects: 0.038200 ms)

========================================================================
Received Prepare
Registering precompiled user dll's ...
Registered in 0.006012 seconds.
Begin MonoManager ReloadAssembly
Native extension for WindowsStandalone target not found
Native extension for WebGL target not found
Refreshing native plugins compatible for Editor in 0.62 ms, found 2 plugins.
Preloading 0 native plugins for Editor in 0.00 ms.
Mono: successfully reloaded assembly
- Completed reload, in  0.743 seconds
Platform modules already initialized, skipping
Refreshing native plugins compatible for Editor in 0.56 ms, found 2 plugins.
Preloading 0 native plugins for Editor in 0.00 ms.
Unloading 1975 Unused Serialized files (Serialized files now loaded: 0)
System memory in use before: 92.1 MB.
System memory in use after: 92.2 MB.

Unloading 40 unused Assets to reduce memory usage. Loaded Objects now: 2548.
Total: 1.894300 ms (FindLiveObjects: 0.159200 ms CreateObjectMapping: 0.048800 ms MarkObjects: 1.635300 ms  DeleteObjects: 0.050200 ms)

AssetImportWorkerClient::OnTransportError - code=2 error=End of file
